2023-08-29 16:03:55.902 [info] Log level: Info
2023-08-29 16:03:55.902 [info] Validating found git in: "git"
2023-08-29 16:03:55.902 [info] Using git "2.25.1" from "git"
2023-08-29 16:03:55.902 [info] > git rev-parse --show-toplevel [3ms]
2023-08-29 16:03:55.902 [info] > git rev-parse --git-dir --git-common-dir [7ms]
2023-08-29 16:03:55.902 [info] Open repository: /home/ashiley
2023-08-29 16:03:55.902 [info] > git config --get commit.template [7ms]
2023-08-29 16:03:55.902 [info] > git rev-parse --show-toplevel [2ms]
2023-08-29 16:03:55.902 [info] > git for-each-ref --format=%(refname)%00%(upstream:short)%00%(objectname)%00%(upstream:track)%00%(upstream:remotename)%00%(upstream:remoteref) refs/heads/master refs/remotes/master [7ms]
2023-08-29 16:03:55.902 [info] > git rev-parse --show-toplevel [9ms]
2023-08-29 16:03:55.902 [info] > git rev-parse --show-toplevel [1ms]
2023-08-29 16:03:55.902 [info] > git rev-parse --show-toplevel [1ms]
2023-08-29 16:03:55.902 [info] > git rev-parse --show-toplevel [1ms]
2023-08-29 16:03:55.902 [info] > git rev-parse --show-toplevel [1ms]
2023-08-29 16:03:55.902 [info] > git rev-parse --show-toplevel [1ms]
2023-08-29 16:03:55.953 [info] > git status -z -uall [164ms]
2023-08-29 16:03:56.059 [info] > git config --get commit.template [8ms]
2023-08-29 16:03:56.060 [info] > git for-each-ref --format=%(refname)%00%(upstream:short)%00%(objectname)%00%(upstream:track)%00%(upstream:remotename)%00%(upstream:remoteref) refs/heads/master refs/remotes/master [2ms]
2023-08-29 16:03:56.638 [info] > git status -z -uall [572ms]
2023-08-29 16:03:56.712 [info] > git check-ignore -v -z --stdin [92ms]
2023-08-29 16:03:57.730 [info] > git config --get commit.template [1ms]
2023-08-29 16:03:57.740 [info] > git for-each-ref --format=%(refname)%00%(upstream:short)%00%(objectname)%00%(upstream:track)%00%(upstream:remotename)%00%(upstream:remoteref) refs/heads/master refs/remotes/master [1ms]
2023-08-29 16:03:57.827 [info] > git status -z -uall [79ms]
2023-08-29 16:04:04.772 [info] > git show --textconv :monitor_gpu.py [11ms]
2023-08-29 16:04:04.780 [info] > git ls-files --stage -- /home/ashiley/monitor_gpu.py [9ms]
2023-08-29 16:04:04.791 [info] > git cat-file -s 28e794c9190900871e0032cbe56f037c27b05102 [1ms]
2023-08-29 16:04:14.582 [info] > git config --get commit.template [11ms]
2023-08-29 16:04:14.582 [info] > git for-each-ref --format=%(refname)%00%(upstream:short)%00%(objectname)%00%(upstream:track)%00%(upstream:remotename)%00%(upstream:remoteref) refs/heads/master refs/remotes/master [1ms]
2023-08-29 16:04:14.676 [info] > git status -z -uall [84ms]
2023-08-29 16:05:55.476 [info] > git config --get commit.template [8ms]
2023-08-29 16:05:55.477 [info] > git for-each-ref --format=%(refname)%00%(upstream:short)%00%(objectname)%00%(upstream:track)%00%(upstream:remotename)%00%(upstream:remoteref) refs/heads/novalogica refs/remotes/novalogica [2ms]
2023-08-29 16:05:55.570 [info] > git status -z -uall [87ms]
2023-08-29 16:05:55.651 [info] > git ls-files --stage -- /home/ashiley/monitor_gpu.py [9ms]
2023-08-29 16:05:55.663 [info] > git cat-file -s 28e794c9190900871e0032cbe56f037c27b05102 [5ms]
2023-08-29 16:05:56.232 [info] > git show --textconv :monitor_gpu.py [8ms]
2023-08-29 16:06:04.672 [info] > git config --get commit.template [1ms]
2023-08-29 16:06:04.682 [info] > git for-each-ref --format=%(refname)%00%(upstream:short)%00%(objectname)%00%(upstream:track)%00%(upstream:remotename)%00%(upstream:remoteref) refs/heads/novalogica refs/remotes/novalogica [1ms]
2023-08-29 16:06:04.771 [info] > git status -z -uall [80ms]
2023-08-29 16:06:22.961 [info] > git config --get commit.template [10ms]
2023-08-29 16:06:22.961 [info] > git for-each-ref --format=%(refname)%00%(upstream:short)%00%(objectname)%00%(upstream:track)%00%(upstream:remotename)%00%(upstream:remoteref) refs/heads/novalogica refs/remotes/novalogica [1ms]
2023-08-29 16:06:22.993 [info] > git ls-files --stage -- /home/ashiley/monitor_gpu.py [11ms]
2023-08-29 16:06:23.002 [info] > git cat-file -s 3bb40bd0f4648e452b8e1686630e7cbddd890015 [0ms]
2023-08-29 16:06:23.048 [info] > git show --textconv :monitor_gpu.py [7ms]
2023-08-29 16:06:23.103 [info] > git status -z -uall [132ms]
2023-08-29 16:07:43.113 [info] > git config --get commit.template [2ms]
2023-08-29 16:07:43.120 [info] > git for-each-ref --format=%(refname)%00%(upstream:short)%00%(objectname)%00%(upstream:track)%00%(upstream:remotename)%00%(upstream:remoteref) refs/heads/novalogica refs/remotes/novalogica [1ms]
2023-08-29 16:07:43.200 [info] > git status -z -uall [74ms]
2023-08-29 16:07:43.316 [info] > git ls-files --stage -- /home/ashiley/monitor_gpu.py [11ms]
2023-08-29 16:07:43.323 [info] > git cat-file -s 3bb40bd0f4648e452b8e1686630e7cbddd890015 [1ms]
2023-08-29 16:07:43.422 [info] > git show --textconv :monitor_gpu.py [9ms]
2023-08-29 16:20:43.357 [info] > git config --get commit.template [7ms]
2023-08-29 16:20:43.358 [info] > git for-each-ref --format=%(refname)%00%(upstream:short)%00%(objectname)%00%(upstream:track)%00%(upstream:remotename)%00%(upstream:remoteref) refs/heads/novalogica refs/remotes/novalogica [1ms]
2023-08-29 16:20:43.435 [info] > git status -z -uall [72ms]
