2023-08-29 16:25:31.922 [info] Log level: Info
2023-08-29 16:25:31.922 [info] Validating found git in: "git"
2023-08-29 16:25:31.922 [info] Using git "2.25.1" from "git"
2023-08-29 16:25:31.922 [info] > git rev-parse --show-toplevel [2ms]
2023-08-29 16:25:31.922 [info] > git rev-parse --git-dir --git-common-dir [1ms]
2023-08-29 16:25:31.922 [info] Open repository: /home/ashiley
2023-08-29 16:25:31.922 [info] > git config --get commit.template [6ms]
2023-08-29 16:25:31.922 [info] > git rev-parse --show-toplevel [7ms]
2023-08-29 16:25:31.922 [info] > git for-each-ref --format=%(refname)%00%(upstream:short)%00%(objectname)%00%(upstream:track)%00%(upstream:remotename)%00%(upstream:remoteref) refs/heads/novalogica refs/remotes/novalogica [3ms]
2023-08-29 16:25:31.922 [info] > git rev-parse --show-toplevel [1ms]
2023-08-29 16:25:31.922 [info] > git rev-parse --show-toplevel [1ms]
2023-08-29 16:25:31.922 [info] > git rev-parse --show-toplevel [0ms]
2023-08-29 16:25:31.922 [info] > git rev-parse --show-toplevel [1ms]
2023-08-29 16:25:31.922 [info] > git rev-parse --show-toplevel [1ms]
2023-08-29 16:25:31.922 [info] > git rev-parse --show-toplevel [1ms]
2023-08-29 16:25:31.922 [info] > git status -z -uall [68ms]
2023-08-29 16:25:31.922 [info] > git config --get commit.template [7ms]
2023-08-29 16:25:31.922 [info] > git for-each-ref --format=%(refname)%00%(upstream:short)%00%(objectname)%00%(upstream:track)%00%(upstream:remotename)%00%(upstream:remoteref) refs/heads/novalogica refs/remotes/novalogica [2ms]
2023-08-29 16:25:31.922 [info] > git status -z -uall [73ms]
2023-08-29 16:25:32.468 [info] > git check-ignore -v -z --stdin [21ms]
2023-08-29 16:25:37.485 [info] > git config --get commit.template [7ms]
2023-08-29 16:25:37.485 [info] > git for-each-ref --format=%(refname)%00%(upstream:short)%00%(objectname)%00%(upstream:track)%00%(upstream:remotename)%00%(upstream:remoteref) refs/heads/novalogica refs/remotes/novalogica [2ms]
2023-08-29 16:25:37.564 [info] > git status -z -uall [72ms]
2023-08-29 16:25:42.575 [info] > git config --get commit.template [1ms]
2023-08-29 16:25:42.582 [info] > git for-each-ref --format=%(refname)%00%(upstream:short)%00%(objectname)%00%(upstream:track)%00%(upstream:remotename)%00%(upstream:remoteref) refs/heads/novalogica refs/remotes/novalogica [1ms]
2023-08-29 16:25:42.661 [info] > git status -z -uall [74ms]
2023-08-29 16:25:47.675 [info] > git config --get commit.template [6ms]
2023-08-29 16:25:47.676 [info] > git for-each-ref --format=%(refname)%00%(upstream:short)%00%(objectname)%00%(upstream:track)%00%(upstream:remotename)%00%(upstream:remoteref) refs/heads/novalogica refs/remotes/novalogica [2ms]
2023-08-29 16:25:47.753 [info] > git status -z -uall [73ms]
2023-08-29 16:25:52.769 [info] > git config --get commit.template [6ms]
2023-08-29 16:25:52.770 [info] > git for-each-ref --format=%(refname)%00%(upstream:short)%00%(objectname)%00%(upstream:track)%00%(upstream:remotename)%00%(upstream:remoteref) refs/heads/novalogica refs/remotes/novalogica [1ms]
2023-08-29 16:25:52.851 [info] > git status -z -uall [76ms]
2023-08-29 16:25:57.867 [info] > git config --get commit.template [6ms]
2023-08-29 16:25:57.868 [info] > git for-each-ref --format=%(refname)%00%(upstream:short)%00%(objectname)%00%(upstream:track)%00%(upstream:remotename)%00%(upstream:remoteref) refs/heads/novalogica refs/remotes/novalogica [1ms]
2023-08-29 16:25:57.946 [info] > git status -z -uall [73ms]
2023-08-29 16:26:02.956 [info] > git config --get commit.template [1ms]
2023-08-29 16:26:02.963 [info] > git for-each-ref --format=%(refname)%00%(upstream:short)%00%(objectname)%00%(upstream:track)%00%(upstream:remotename)%00%(upstream:remoteref) refs/heads/novalogica refs/remotes/novalogica [2ms]
2023-08-29 16:26:03.042 [info] > git status -z -uall [74ms]
2023-08-29 16:26:08.052 [info] > git config --get commit.template [0ms]
2023-08-29 16:26:08.058 [info] > git for-each-ref --format=%(refname)%00%(upstream:short)%00%(objectname)%00%(upstream:track)%00%(upstream:remotename)%00%(upstream:remoteref) refs/heads/novalogica refs/remotes/novalogica [1ms]
2023-08-29 16:26:08.135 [info] > git status -z -uall [72ms]
2023-08-29 16:26:13.152 [info] > git config --get commit.template [7ms]
2023-08-29 16:26:13.152 [info] > git for-each-ref --format=%(refname)%00%(upstream:short)%00%(objectname)%00%(upstream:track)%00%(upstream:remotename)%00%(upstream:remoteref) refs/heads/novalogica refs/remotes/novalogica [1ms]
2023-08-29 16:26:13.235 [info] > git status -z -uall [78ms]
2023-08-29 16:26:18.252 [info] > git config --get commit.template [7ms]
2023-08-29 16:26:18.252 [info] > git for-each-ref --format=%(refname)%00%(upstream:short)%00%(objectname)%00%(upstream:track)%00%(upstream:remotename)%00%(upstream:remoteref) refs/heads/novalogica refs/remotes/novalogica [1ms]
2023-08-29 16:26:18.331 [info] > git status -z -uall [74ms]
2023-08-29 16:26:26.501 [info] > git config --get commit.template [1ms]
2023-08-29 16:26:26.508 [info] > git for-each-ref --format=%(refname)%00%(upstream:short)%00%(objectname)%00%(upstream:track)%00%(upstream:remotename)%00%(upstream:remoteref) refs/heads/novalogica refs/remotes/novalogica [1ms]
2023-08-29 16:26:26.587 [info] > git status -z -uall [74ms]
2023-08-29 16:27:36.085 [info] > git config --get commit.template [7ms]
2023-08-29 16:27:36.085 [info] > git for-each-ref --format=%(refname)%00%(upstream:short)%00%(objectname)%00%(upstream:track)%00%(upstream:remotename)%00%(upstream:remoteref) refs/heads/novalogica refs/remotes/novalogica [1ms]
2023-08-29 16:27:36.160 [info] > git status -z -uall [70ms]
2023-08-29 16:27:41.175 [info] > git config --get commit.template [7ms]
2023-08-29 16:27:41.176 [info] > git for-each-ref --format=%(refname)%00%(upstream:short)%00%(objectname)%00%(upstream:track)%00%(upstream:remotename)%00%(upstream:remoteref) refs/heads/novalogica refs/remotes/novalogica [1ms]
2023-08-29 16:27:41.254 [info] > git status -z -uall [72ms]
2023-08-29 16:27:46.270 [info] > git config --get commit.template [7ms]
2023-08-29 16:27:46.270 [info] > git for-each-ref --format=%(refname)%00%(upstream:short)%00%(objectname)%00%(upstream:track)%00%(upstream:remotename)%00%(upstream:remoteref) refs/heads/novalogica refs/remotes/novalogica [1ms]
2023-08-29 16:27:46.348 [info] > git status -z -uall [73ms]
2023-08-29 16:27:51.363 [info] > git config --get commit.template [6ms]
2023-08-29 16:27:51.364 [info] > git for-each-ref --format=%(refname)%00%(upstream:short)%00%(objectname)%00%(upstream:track)%00%(upstream:remotename)%00%(upstream:remoteref) refs/heads/novalogica refs/remotes/novalogica [1ms]
2023-08-29 16:27:51.442 [info] > git status -z -uall [73ms]
2023-08-29 16:27:56.456 [info] > git config --get commit.template [6ms]
2023-08-29 16:27:56.457 [info] > git for-each-ref --format=%(refname)%00%(upstream:short)%00%(objectname)%00%(upstream:track)%00%(upstream:remotename)%00%(upstream:remoteref) refs/heads/novalogica refs/remotes/novalogica [1ms]
2023-08-29 16:27:56.532 [info] > git status -z -uall [70ms]
2023-08-29 16:28:01.548 [info] > git config --get commit.template [5ms]
2023-08-29 16:28:01.548 [info] > git for-each-ref --format=%(refname)%00%(upstream:short)%00%(objectname)%00%(upstream:track)%00%(upstream:remotename)%00%(upstream:remoteref) refs/heads/novalogica refs/remotes/novalogica [1ms]
2023-08-29 16:28:01.627 [info] > git status -z -uall [74ms]
2023-08-29 16:28:06.643 [info] > git config --get commit.template [6ms]
2023-08-29 16:28:06.643 [info] > git for-each-ref --format=%(refname)%00%(upstream:short)%00%(objectname)%00%(upstream:track)%00%(upstream:remotename)%00%(upstream:remoteref) refs/heads/novalogica refs/remotes/novalogica [1ms]
2023-08-29 16:28:06.722 [info] > git status -z -uall [73ms]
2023-08-29 16:28:11.737 [info] > git config --get commit.template [6ms]
2023-08-29 16:28:11.738 [info] > git for-each-ref --format=%(refname)%00%(upstream:short)%00%(objectname)%00%(upstream:track)%00%(upstream:remotename)%00%(upstream:remoteref) refs/heads/novalogica refs/remotes/novalogica [1ms]
2023-08-29 16:28:11.815 [info] > git status -z -uall [72ms]
2023-08-29 16:28:16.825 [info] > git config --get commit.template [1ms]
2023-08-29 16:28:16.832 [info] > git for-each-ref --format=%(refname)%00%(upstream:short)%00%(objectname)%00%(upstream:track)%00%(upstream:remotename)%00%(upstream:remoteref) refs/heads/novalogica refs/remotes/novalogica [2ms]
2023-08-29 16:28:16.910 [info] > git status -z -uall [73ms]
2023-08-29 16:28:21.925 [info] > git config --get commit.template [7ms]
2023-08-29 16:28:21.925 [info] > git for-each-ref --format=%(refname)%00%(upstream:short)%00%(objectname)%00%(upstream:track)%00%(upstream:remotename)%00%(upstream:remoteref) refs/heads/novalogica refs/remotes/novalogica [1ms]
2023-08-29 16:28:22.004 [info] > git status -z -uall [73ms]
2023-08-29 16:28:27.014 [info] > git config --get commit.template [0ms]
2023-08-29 16:28:27.021 [info] > git for-each-ref --format=%(refname)%00%(upstream:short)%00%(objectname)%00%(upstream:track)%00%(upstream:remotename)%00%(upstream:remoteref) refs/heads/novalogica refs/remotes/novalogica [1ms]
2023-08-29 16:28:27.098 [info] > git status -z -uall [72ms]
2023-08-29 16:28:32.108 [info] > git config --get commit.template [1ms]
2023-08-29 16:28:32.115 [info] > git for-each-ref --format=%(refname)%00%(upstream:short)%00%(objectname)%00%(upstream:track)%00%(upstream:remotename)%00%(upstream:remoteref) refs/heads/novalogica refs/remotes/novalogica [1ms]
2023-08-29 16:28:32.192 [info] > git status -z -uall [72ms]
2023-08-29 16:28:37.201 [info] > git config --get commit.template [1ms]
2023-08-29 16:28:37.208 [info] > git for-each-ref --format=%(refname)%00%(upstream:short)%00%(objectname)%00%(upstream:track)%00%(upstream:remotename)%00%(upstream:remoteref) refs/heads/novalogica refs/remotes/novalogica [2ms]
2023-08-29 16:28:37.285 [info] > git status -z -uall [72ms]
2023-08-29 16:28:42.296 [info] > git config --get commit.template [2ms]
2023-08-29 16:28:42.302 [info] > git for-each-ref --format=%(refname)%00%(upstream:short)%00%(objectname)%00%(upstream:track)%00%(upstream:remotename)%00%(upstream:remoteref) refs/heads/novalogica refs/remotes/novalogica [1ms]
2023-08-29 16:28:42.382 [info] > git status -z -uall [75ms]
2023-08-29 16:28:56.731 [info] > git config --get commit.template [6ms]
2023-08-29 16:28:56.732 [info] > git for-each-ref --format=%(refname)%00%(upstream:short)%00%(objectname)%00%(upstream:track)%00%(upstream:remotename)%00%(upstream:remoteref) refs/heads/novalogica refs/remotes/novalogica [1ms]
2023-08-29 16:28:56.810 [info] > git status -z -uall [73ms]
2023-08-29 16:30:01.247 [info] > git config --get commit.template [6ms]
2023-08-29 16:30:01.248 [info] > git for-each-ref --format=%(refname)%00%(upstream:short)%00%(objectname)%00%(upstream:track)%00%(upstream:remotename)%00%(upstream:remoteref) refs/heads/novalogica refs/remotes/novalogica [2ms]
2023-08-29 16:30:01.326 [info] > git status -z -uall [73ms]
2023-08-29 16:30:06.343 [info] > git config --get commit.template [6ms]
2023-08-29 16:30:06.344 [info] > git for-each-ref --format=%(refname)%00%(upstream:short)%00%(objectname)%00%(upstream:track)%00%(upstream:remotename)%00%(upstream:remoteref) refs/heads/novalogica refs/remotes/novalogica [2ms]
2023-08-29 16:30:06.420 [info] > git status -z -uall [71ms]
2023-08-29 16:30:11.437 [info] > git config --get commit.template [6ms]
2023-08-29 16:30:11.437 [info] > git for-each-ref --format=%(refname)%00%(upstream:short)%00%(objectname)%00%(upstream:track)%00%(upstream:remotename)%00%(upstream:remoteref) refs/heads/novalogica refs/remotes/novalogica [1ms]
2023-08-29 16:30:11.514 [info] > git status -z -uall [72ms]
2023-08-29 16:30:16.524 [info] > git config --get commit.template [1ms]
2023-08-29 16:30:16.531 [info] > git for-each-ref --format=%(refname)%00%(upstream:short)%00%(objectname)%00%(upstream:track)%00%(upstream:remotename)%00%(upstream:remoteref) refs/heads/novalogica refs/remotes/novalogica [2ms]
2023-08-29 16:30:16.609 [info] > git status -z -uall [73ms]
2023-08-29 16:30:21.623 [info] > git config --get commit.template [6ms]
2023-08-29 16:30:21.624 [info] > git for-each-ref --format=%(refname)%00%(upstream:short)%00%(objectname)%00%(upstream:track)%00%(upstream:remotename)%00%(upstream:remoteref) refs/heads/novalogica refs/remotes/novalogica [1ms]
2023-08-29 16:30:21.703 [info] > git status -z -uall [72ms]
2023-08-29 16:31:07.444 [info] > git config --get commit.template [7ms]
2023-08-29 16:31:07.444 [info] > git for-each-ref --format=%(refname)%00%(upstream:short)%00%(objectname)%00%(upstream:track)%00%(upstream:remotename)%00%(upstream:remoteref) refs/heads/novalogica refs/remotes/novalogica [1ms]
2023-08-29 16:31:07.531 [info] > git status -z -uall [81ms]
2023-08-29 16:31:12.547 [info] > git config --get commit.template [7ms]
2023-08-29 16:31:12.547 [info] > git for-each-ref --format=%(refname)%00%(upstream:short)%00%(objectname)%00%(upstream:track)%00%(upstream:remotename)%00%(upstream:remoteref) refs/heads/novalogica refs/remotes/novalogica [2ms]
2023-08-29 16:31:12.624 [info] > git status -z -uall [72ms]
2023-08-29 17:12:42.824 [info] > git config --get commit.template [7ms]
2023-08-29 17:12:42.824 [info] > git for-each-ref --format=%(refname)%00%(upstream:short)%00%(objectname)%00%(upstream:track)%00%(upstream:remotename)%00%(upstream:remoteref) refs/heads/novalogica refs/remotes/novalogica [1ms]
2023-08-29 17:12:42.903 [info] > git status -z -uall [73ms]
