*
* Visual Studio Code Server
*
* By using the software, you agree to
* the Visual Studio Code Server License Terms (https://aka.ms/vscode-server-license) and
* the Microsoft Privacy Statement (https://privacy.microsoft.com/en-US/privacystatement).
*
Server bound to 127.0.0.1:38095 (IPv4)
Extension host agent listening on 38095

[15:43:29] 




[15:43:29] Extension host agent started.
[15:43:29] Started initializing default profile extensions in extensions installation folder. file:///home/ashiley/.vscode-server/extensions
[15:43:29] Completed initializing default profile extensions in extensions installation folder. file:///home/ashiley/.vscode-server/extensions
[15:43:30] [127.0.0.1][680a6673][ManagementConnection] New connection established.
[15:43:30] [127.0.0.1][81b1da30][ExtensionHostConnection] New connection established.
[15:43:30] [127.0.0.1][81b1da30][ExtensionHostConnection] <3813888> Launched Extension Host Process.
[IPC Library: Pty Host]  WARN Shell integration cannot be enabled for executable "/bin/sh" and args [
  '-c',
  'wget --version > /dev/null\n' +
    'if [ $? -eq 0 ]\n' +
    'then\n' +
    "\twget --connect-timeout=7 --tries=1 --dns-timeout=7 -q --header='Metadata:true' -O - http://169.254.169.254/metadata/instance?api-version=2019-03-11\n" +
    'else\n' +
    '\tcurl --version > /dev/null\n' +
    '\tif [ $? -eq 0 ]\n' +
    '\tthen\n' +
    "\t\tcurl --connect-timeout 7 -s --header='Metadata:true' http://169.254.169.254/metadata/instance?api-version=2019-03-11\n" +
    '\tfi\n' +
    'fi\n' +
    'exit 0'
]
[IPC Library: Pty Host]  WARN Shell integration cannot be enabled for executable "/bin/sh" and args [
  '-c',
  'wget --version > /dev/null\n' +
    'if [ $? -eq 0 ]\n' +
    'then\n' +
    '\twget --connect-timeout=7 --tries=1 --dns-timeout=7 -q  -O - http://169.254.169.254/latest/meta-data/instance-id\n' +
    'else\n' +
    '\tcurl --version > /dev/null\n' +
    '\tif [ $? -eq 0 ]\n' +
    '\tthen\n' +
    '\t\tcurl --connect-timeout 7 -s  http://169.254.169.254/latest/meta-data/instance-id\n' +
    '\tfi\n' +
    'fi\n' +
    'exit 0'
]
[IPC Library: Pty Host]  WARN Shell integration cannot be enabled for executable "/bin/sh" and args [
  '-c',
  'wget --version > /dev/null\n' +
    'if [ $? -eq 0 ]\n' +
    'then\n' +
    '\twget --connect-timeout=7 --tries=1 --dns-timeout=7 -q  -O - http://169.254.169.254/metadata/v1/id\n' +
    'else\n' +
    '\tcurl --version > /dev/null\n' +
    '\tif [ $? -eq 0 ]\n' +
    '\tthen\n' +
    '\t\tcurl --connect-timeout 7 -s  http://169.254.169.254/metadata/v1/id\n' +
    '\tfi\n' +
    'fi\n' +
    'exit 0'
]
[IPC Library: Pty Host]  WARN Shell integration cannot be enabled for executable "/bin/sh" and args [
  '-c',
  'wget --version > /dev/null\n' +
    'if [ $? -eq 0 ]\n' +
    'then\n' +
    "\twget --connect-timeout=7 --tries=1 --dns-timeout=7 -q --header='Metadata-Flavor:Google' -O - http://metadata.google.internal/computeMetadata/v1/instance/id\n" +
    'else\n' +
    '\tcurl --version > /dev/null\n' +
    '\tif [ $? -eq 0 ]\n' +
    '\tthen\n' +
    "\t\tcurl --connect-timeout 7 -s --header='Metadata-Flavor:Google' http://metadata.google.internal/computeMetadata/v1/instance/id\n" +
    '\tfi\n' +
    'fi\n' +
    'exit 0'
]
[15:46:46] [127.0.0.1][680a6673][ManagementConnection] The client has disconnected gracefully, so the connection will be disposed.
[15:46:46] [127.0.0.1][81b1da30][ExtensionHostConnection] <3813888> Extension Host Process exited with code: 0, signal: null.
Cancelling previous shutdown timeout
[15:46:46] Cancelling previous shutdown timeout
Last EH closed, waiting before shutting down
[15:46:46] Last EH closed, waiting before shutting down
Got delay-shutdown request while in shutdown timeout, delaying
[15:47:24] Got delay-shutdown request while in shutdown timeout, delaying
Cancelling previous shutdown timeout
[15:47:24] Cancelling previous shutdown timeout
[15:47:25] [127.0.0.1][63e31825][ManagementConnection] New connection established.
[15:47:25] [127.0.0.1][2eaeccf4][ExtensionHostConnection] New connection established.
[15:47:25] [127.0.0.1][2eaeccf4][ExtensionHostConnection] <3814264> Launched Extension Host Process.
[IPC Library: Pty Host]  WARN Shell integration cannot be enabled for executable "/bin/sh" and args [
  '-c',
  'wget --version > /dev/null\n' +
    'if [ $? -eq 0 ]\n' +
    'then\n' +
    "\twget --connect-timeout=7 --tries=1 --dns-timeout=7 -q --header='Metadata:true' -O - http://169.254.169.254/metadata/instance?api-version=2019-03-11\n" +
    'else\n' +
    '\tcurl --version > /dev/null\n' +
    '\tif [ $? -eq 0 ]\n' +
    '\tthen\n' +
    "\t\tcurl --connect-timeout 7 -s --header='Metadata:true' http://169.254.169.254/metadata/instance?api-version=2019-03-11\n" +
    '\tfi\n' +
    'fi\n' +
    'exit 0'
]
[IPC Library: Pty Host]  WARN Shell integration cannot be enabled for executable "/bin/sh" and args [
  '-c',
  'wget --version > /dev/null\n' +
    'if [ $? -eq 0 ]\n' +
    'then\n' +
    '\twget --connect-timeout=7 --tries=1 --dns-timeout=7 -q  -O - http://169.254.169.254/latest/meta-data/instance-id\n' +
    'else\n' +
    '\tcurl --version > /dev/null\n' +
    '\tif [ $? -eq 0 ]\n' +
    '\tthen\n' +
    '\t\tcurl --connect-timeout 7 -s  http://169.254.169.254/latest/meta-data/instance-id\n' +
    '\tfi\n' +
    'fi\n' +
    'exit 0'
]
[IPC Library: Pty Host]  WARN Shell integration cannot be enabled for executable "/bin/sh" and args [
  '-c',
  'wget --version > /dev/null\n' +
    'if [ $? -eq 0 ]\n' +
    'then\n' +
    '\twget --connect-timeout=7 --tries=1 --dns-timeout=7 -q  -O - http://169.254.169.254/metadata/v1/id\n' +
    'else\n' +
    '\tcurl --version > /dev/null\n' +
    '\tif [ $? -eq 0 ]\n' +
    '\tthen\n' +
    '\t\tcurl --connect-timeout 7 -s  http://169.254.169.254/metadata/v1/id\n' +
    '\tfi\n' +
    'fi\n' +
    'exit 0'
]
[IPC Library: Pty Host]  WARN Shell integration cannot be enabled for executable "/bin/sh" and args [
  '-c',
  'wget --version > /dev/null\n' +
    'if [ $? -eq 0 ]\n' +
    'then\n' +
    "\twget --connect-timeout=7 --tries=1 --dns-timeout=7 -q --header='Metadata-Flavor:Google' -O - http://metadata.google.internal/computeMetadata/v1/instance/id\n" +
    'else\n' +
    '\tcurl --version > /dev/null\n' +
    '\tif [ $? -eq 0 ]\n' +
    '\tthen\n' +
    "\t\tcurl --connect-timeout 7 -s --header='Metadata-Flavor:Google' http://metadata.google.internal/computeMetadata/v1/instance/id\n" +
    '\tfi\n' +
    'fi\n' +
    'exit 0'
]
New EH opened, aborting shutdown
[15:52:24] New EH opened, aborting shutdown
[18:59:03] [127.0.0.1][f85427d6][ManagementConnection] New connection established.
[18:59:03] [127.0.0.1][b56313d7][ExtensionHostConnection] New connection established.
[18:59:03] [127.0.0.1][b56313d7][ExtensionHostConnection] <3828244> Launched Extension Host Process.
rejected promise not handled within 1 second: CodeExpectedError: Could not find pty on pty host
stack trace: CodeExpectedError: Could not find pty on pty host
    at g.O (/home/ashiley/.vscode-server/bin/660393deaaa6d1996740ff4880f1bad43768c814/out/vs/platform/terminal/node/ptyHostMain.js:28:7243)
    at g.updateTitle (/home/ashiley/.vscode-server/bin/660393deaaa6d1996740ff4880f1bad43768c814/out/vs/platform/terminal/node/ptyHostMain.js:28:2685)
    at g.Q.<computed> (/home/ashiley/.vscode-server/bin/660393deaaa6d1996740ff4880f1bad43768c814/out/vs/platform/terminal/node/ptyHostMain.js:27:22460)
    at Object.call (/home/ashiley/.vscode-server/bin/660393deaaa6d1996740ff4880f1bad43768c814/out/vs/platform/terminal/node/ptyHostMain.js:17:4866)
    at u.s (/home/ashiley/.vscode-server/bin/660393deaaa6d1996740ff4880f1bad43768c814/out/vs/platform/terminal/node/ptyHostMain.js:15:5150)
    at u.q (/home/ashiley/.vscode-server/bin/660393deaaa6d1996740ff4880f1bad43768c814/out/vs/platform/terminal/node/ptyHostMain.js:15:4661)
    at i.value (/home/ashiley/.vscode-server/bin/660393deaaa6d1996740ff4880f1bad43768c814/out/vs/platform/terminal/node/ptyHostMain.js:15:4066)
    at E.w (/home/ashiley/.vscode-server/bin/660393deaaa6d1996740ff4880f1bad43768c814/out/vs/platform/terminal/node/ptyHostMain.js:10:1902)
    at E.fire (/home/ashiley/.vscode-server/bin/660393deaaa6d1996740ff4880f1bad43768c814/out/vs/platform/terminal/node/ptyHostMain.js:10:2119)
    at process.G (/home/ashiley/.vscode-server/bin/660393deaaa6d1996740ff4880f1bad43768c814/out/vs/platform/terminal/node/ptyHostMain.js:8:27085)
    at process.emit (node:events:513:28)
    at emit (node:internal/child_process:939:14)
    at processTicksAndRejections (node:internal/process/task_queues:84:21)
[18:59:06] Error [CodeExpectedError]: Could not find pty on pty host
    at g.O (/home/ashiley/.vscode-server/bin/660393deaaa6d1996740ff4880f1bad43768c814/out/vs/platform/terminal/node/ptyHostMain.js:28:7243)
    at g.updateTitle (/home/ashiley/.vscode-server/bin/660393deaaa6d1996740ff4880f1bad43768c814/out/vs/platform/terminal/node/ptyHostMain.js:28:2685)
    at g.Q.<computed> (/home/ashiley/.vscode-server/bin/660393deaaa6d1996740ff4880f1bad43768c814/out/vs/platform/terminal/node/ptyHostMain.js:27:22460)
    at Object.call (/home/ashiley/.vscode-server/bin/660393deaaa6d1996740ff4880f1bad43768c814/out/vs/platform/terminal/node/ptyHostMain.js:17:4866)
    at u.s (/home/ashiley/.vscode-server/bin/660393deaaa6d1996740ff4880f1bad43768c814/out/vs/platform/terminal/node/ptyHostMain.js:15:5150)
    at u.q (/home/ashiley/.vscode-server/bin/660393deaaa6d1996740ff4880f1bad43768c814/out/vs/platform/terminal/node/ptyHostMain.js:15:4661)
    at i.value (/home/ashiley/.vscode-server/bin/660393deaaa6d1996740ff4880f1bad43768c814/out/vs/platform/terminal/node/ptyHostMain.js:15:4066)
    at E.w (/home/ashiley/.vscode-server/bin/660393deaaa6d1996740ff4880f1bad43768c814/out/vs/platform/terminal/node/ptyHostMain.js:10:1902)
    at E.fire (/home/ashiley/.vscode-server/bin/660393deaaa6d1996740ff4880f1bad43768c814/out/vs/platform/terminal/node/ptyHostMain.js:10:2119)
    at process.G (/home/ashiley/.vscode-server/bin/660393deaaa6d1996740ff4880f1bad43768c814/out/vs/platform/terminal/node/ptyHostMain.js:8:27085)
    at process.emit (node:events:513:28)
    at emit (node:internal/child_process:939:14)
    at processTicksAndRejections (node:internal/process/task_queues:84:21)
[IPC Library: Pty Host]  WARN Shell integration cannot be enabled for executable "/bin/sh" and args [
  '-c',
  'wget --version > /dev/null\n' +
    'if [ $? -eq 0 ]\n' +
    'then\n' +
    "\twget --connect-timeout=7 --tries=1 --dns-timeout=7 -q --header='Metadata:true' -O - http://169.254.169.254/metadata/instance?api-version=2019-03-11\n" +
    'else\n' +
    '\tcurl --version > /dev/null\n' +
    '\tif [ $? -eq 0 ]\n' +
    '\tthen\n' +
    "\t\tcurl --connect-timeout 7 -s --header='Metadata:true' http://169.254.169.254/metadata/instance?api-version=2019-03-11\n" +
    '\tfi\n' +
    'fi\n' +
    'exit 0'
]
[IPC Library: Pty Host]  WARN Shell integration cannot be enabled for executable "/bin/sh" and args [
  '-c',
  'wget --version > /dev/null\n' +
    'if [ $? -eq 0 ]\n' +
    'then\n' +
    '\twget --connect-timeout=7 --tries=1 --dns-timeout=7 -q  -O - http://169.254.169.254/latest/meta-data/instance-id\n' +
    'else\n' +
    '\tcurl --version > /dev/null\n' +
    '\tif [ $? -eq 0 ]\n' +
    '\tthen\n' +
    '\t\tcurl --connect-timeout 7 -s  http://169.254.169.254/latest/meta-data/instance-id\n' +
    '\tfi\n' +
    'fi\n' +
    'exit 0'
]
[IPC Library: Pty Host]  WARN Shell integration cannot be enabled for executable "/bin/sh" and args [
  '-c',
  'wget --version > /dev/null\n' +
    'if [ $? -eq 0 ]\n' +
    'then\n' +
    '\twget --connect-timeout=7 --tries=1 --dns-timeout=7 -q  -O - http://169.254.169.254/metadata/v1/id\n' +
    'else\n' +
    '\tcurl --version > /dev/null\n' +
    '\tif [ $? -eq 0 ]\n' +
    '\tthen\n' +
    '\t\tcurl --connect-timeout 7 -s  http://169.254.169.254/metadata/v1/id\n' +
    '\tfi\n' +
    'fi\n' +
    'exit 0'
]
[IPC Library: Pty Host]  WARN Shell integration cannot be enabled for executable "/bin/sh" and args [
  '-c',
  'wget --version > /dev/null\n' +
    'if [ $? -eq 0 ]\n' +
    'then\n' +
    "\twget --connect-timeout=7 --tries=1 --dns-timeout=7 -q --header='Metadata-Flavor:Google' -O - http://metadata.google.internal/computeMetadata/v1/instance/id\n" +
    'else\n' +
    '\tcurl --version > /dev/null\n' +
    '\tif [ $? -eq 0 ]\n' +
    '\tthen\n' +
    "\t\tcurl --connect-timeout 7 -s --header='Metadata-Flavor:Google' http://metadata.google.internal/computeMetadata/v1/instance/id\n" +
    '\tfi\n' +
    'fi\n' +
    'exit 0'
]
[19:04:03] [127.0.0.1][2eaeccf4][ExtensionHostConnection] <3814264> Extension Host Process exited with code: 0, signal: null.
[22:06:03] [127.0.0.1][b56313d7][ExtensionHostConnection] <3828244> Extension Host Process exited with code: 0, signal: null.
Last EH closed, waiting before shutting down
[22:06:03] Last EH closed, waiting before shutting down
Last EH closed, shutting down
[22:11:03] Last EH closed, shutting down
