*
* Visual Studio Code Server
*
* By using the software, you agree to
* the Visual Studio Code Server License Terms (https://aka.ms/vscode-server-license) and
* the Microsoft Privacy Statement (https://privacy.microsoft.com/en-US/privacystatement).
*
Server bound to 127.0.0.1:39517 (IPv4)
Extension host agent listening on 39517

[09:51:48] 




[09:51:48] Extension host agent started.
[09:51:49] [127.0.0.1][6a1ee4a7][ManagementConnection] New connection established.
[09:51:49] [127.0.0.1][ae1c3f30][ExtensionHostConnection] New connection established.
[09:51:49] [127.0.0.1][ae1c3f30][ExtensionHostConnection] <3988024> Launched Extension Host Process.
[IPC Library: Pty Host]  WARN Shell integration cannot be enabled for executable "/bin/sh" and args [
  '-c',
  'wget --version > /dev/null\n' +
    'if [ $? -eq 0 ]\n' +
    'then\n' +
    "\twget --connect-timeout=7 --tries=1 --dns-timeout=7 -q --header='Metadata:true' -O - http://169.254.169.254/metadata/instance?api-version=2019-03-11\n" +
    'else\n' +
    '\tcurl --version > /dev/null\n' +
    '\tif [ $? -eq 0 ]\n' +
    '\tthen\n' +
    "\t\tcurl --connect-timeout 7 -s --header='Metadata:true' http://169.254.169.254/metadata/instance?api-version=2019-03-11\n" +
    '\tfi\n' +
    'fi\n' +
    'exit 0'
]
[IPC Library: Pty Host]  WARN Shell integration cannot be enabled for executable "/bin/sh" and args [
  '-c',
  'wget --version > /dev/null\n' +
    'if [ $? -eq 0 ]\n' +
    'then\n' +
    '\twget --connect-timeout=7 --tries=1 --dns-timeout=7 -q  -O - http://169.254.169.254/latest/meta-data/instance-id\n' +
    'else\n' +
    '\tcurl --version > /dev/null\n' +
    '\tif [ $? -eq 0 ]\n' +
    '\tthen\n' +
    '\t\tcurl --connect-timeout 7 -s  http://169.254.169.254/latest/meta-data/instance-id\n' +
    '\tfi\n' +
    'fi\n' +
    'exit 0'
]
[IPC Library: Pty Host]  WARN Shell integration cannot be enabled for executable "/bin/sh" and args [
  '-c',
  'wget --version > /dev/null\n' +
    'if [ $? -eq 0 ]\n' +
    'then\n' +
    '\twget --connect-timeout=7 --tries=1 --dns-timeout=7 -q  -O - http://169.254.169.254/metadata/v1/id\n' +
    'else\n' +
    '\tcurl --version > /dev/null\n' +
    '\tif [ $? -eq 0 ]\n' +
    '\tthen\n' +
    '\t\tcurl --connect-timeout 7 -s  http://169.254.169.254/metadata/v1/id\n' +
    '\tfi\n' +
    'fi\n' +
    'exit 0'
]
[IPC Library: Pty Host]  WARN Shell integration cannot be enabled for executable "/bin/sh" and args [
  '-c',
  'wget --version > /dev/null\n' +
    'if [ $? -eq 0 ]\n' +
    'then\n' +
    "\twget --connect-timeout=7 --tries=1 --dns-timeout=7 -q --header='Metadata-Flavor:Google' -O - http://metadata.google.internal/computeMetadata/v1/instance/id\n" +
    'else\n' +
    '\tcurl --version > /dev/null\n' +
    '\tif [ $? -eq 0 ]\n' +
    '\tthen\n' +
    "\t\tcurl --connect-timeout 7 -s --header='Metadata-Flavor:Google' http://metadata.google.internal/computeMetadata/v1/instance/id\n" +
    '\tfi\n' +
    'fi\n' +
    'exit 0'
]
rejected promise not handled within 1 second: CodeExpectedError: Could not find pty on pty host
stack trace: CodeExpectedError: Could not find pty on pty host
    at g.O (/home/ashiley/.vscode-server/bin/74f6148eb9ea00507ec113ec51c489d6ffb4b771/out/vs/platform/terminal/node/ptyHostMain.js:28:7243)
    at g.updateTitle (/home/ashiley/.vscode-server/bin/74f6148eb9ea00507ec113ec51c489d6ffb4b771/out/vs/platform/terminal/node/ptyHostMain.js:28:2685)
    at g.Q.<computed> (/home/ashiley/.vscode-server/bin/74f6148eb9ea00507ec113ec51c489d6ffb4b771/out/vs/platform/terminal/node/ptyHostMain.js:27:22460)
    at Object.call (/home/ashiley/.vscode-server/bin/74f6148eb9ea00507ec113ec51c489d6ffb4b771/out/vs/platform/terminal/node/ptyHostMain.js:17:4866)
    at u.s (/home/ashiley/.vscode-server/bin/74f6148eb9ea00507ec113ec51c489d6ffb4b771/out/vs/platform/terminal/node/ptyHostMain.js:15:5150)
    at u.q (/home/ashiley/.vscode-server/bin/74f6148eb9ea00507ec113ec51c489d6ffb4b771/out/vs/platform/terminal/node/ptyHostMain.js:15:4661)
    at i.value (/home/ashiley/.vscode-server/bin/74f6148eb9ea00507ec113ec51c489d6ffb4b771/out/vs/platform/terminal/node/ptyHostMain.js:15:4066)
    at E.w (/home/ashiley/.vscode-server/bin/74f6148eb9ea00507ec113ec51c489d6ffb4b771/out/vs/platform/terminal/node/ptyHostMain.js:10:1902)
    at E.fire (/home/ashiley/.vscode-server/bin/74f6148eb9ea00507ec113ec51c489d6ffb4b771/out/vs/platform/terminal/node/ptyHostMain.js:10:2119)
    at process.G (/home/ashiley/.vscode-server/bin/74f6148eb9ea00507ec113ec51c489d6ffb4b771/out/vs/platform/terminal/node/ptyHostMain.js:8:27085)
    at process.emit (node:events:513:28)
    at emit (node:internal/child_process:939:14)
    at processTicksAndRejections (node:internal/process/task_queues:84:21)
[09:52:16] Error [CodeExpectedError]: Could not find pty on pty host
    at g.O (/home/ashiley/.vscode-server/bin/74f6148eb9ea00507ec113ec51c489d6ffb4b771/out/vs/platform/terminal/node/ptyHostMain.js:28:7243)
    at g.updateTitle (/home/ashiley/.vscode-server/bin/74f6148eb9ea00507ec113ec51c489d6ffb4b771/out/vs/platform/terminal/node/ptyHostMain.js:28:2685)
    at g.Q.<computed> (/home/ashiley/.vscode-server/bin/74f6148eb9ea00507ec113ec51c489d6ffb4b771/out/vs/platform/terminal/node/ptyHostMain.js:27:22460)
    at Object.call (/home/ashiley/.vscode-server/bin/74f6148eb9ea00507ec113ec51c489d6ffb4b771/out/vs/platform/terminal/node/ptyHostMain.js:17:4866)
    at u.s (/home/ashiley/.vscode-server/bin/74f6148eb9ea00507ec113ec51c489d6ffb4b771/out/vs/platform/terminal/node/ptyHostMain.js:15:5150)
    at u.q (/home/ashiley/.vscode-server/bin/74f6148eb9ea00507ec113ec51c489d6ffb4b771/out/vs/platform/terminal/node/ptyHostMain.js:15:4661)
    at i.value (/home/ashiley/.vscode-server/bin/74f6148eb9ea00507ec113ec51c489d6ffb4b771/out/vs/platform/terminal/node/ptyHostMain.js:15:4066)
    at E.w (/home/ashiley/.vscode-server/bin/74f6148eb9ea00507ec113ec51c489d6ffb4b771/out/vs/platform/terminal/node/ptyHostMain.js:10:1902)
    at E.fire (/home/ashiley/.vscode-server/bin/74f6148eb9ea00507ec113ec51c489d6ffb4b771/out/vs/platform/terminal/node/ptyHostMain.js:10:2119)
    at process.G (/home/ashiley/.vscode-server/bin/74f6148eb9ea00507ec113ec51c489d6ffb4b771/out/vs/platform/terminal/node/ptyHostMain.js:8:27085)
    at process.emit (node:events:513:28)
    at emit (node:internal/child_process:939:14)
    at processTicksAndRejections (node:internal/process/task_queues:84:21)
rejected promise not handled within 1 second: CodeExpectedError: Could not find pty on pty host
stack trace: CodeExpectedError: Could not find pty on pty host
    at g.O (/home/ashiley/.vscode-server/bin/74f6148eb9ea00507ec113ec51c489d6ffb4b771/out/vs/platform/terminal/node/ptyHostMain.js:28:7243)
    at g.updateIcon (/home/ashiley/.vscode-server/bin/74f6148eb9ea00507ec113ec51c489d6ffb4b771/out/vs/platform/terminal/node/ptyHostMain.js:28:2735)
    at g.Q.<computed> (/home/ashiley/.vscode-server/bin/74f6148eb9ea00507ec113ec51c489d6ffb4b771/out/vs/platform/terminal/node/ptyHostMain.js:27:22460)
    at Object.call (/home/ashiley/.vscode-server/bin/74f6148eb9ea00507ec113ec51c489d6ffb4b771/out/vs/platform/terminal/node/ptyHostMain.js:17:4866)
    at u.s (/home/ashiley/.vscode-server/bin/74f6148eb9ea00507ec113ec51c489d6ffb4b771/out/vs/platform/terminal/node/ptyHostMain.js:15:5150)
    at u.q (/home/ashiley/.vscode-server/bin/74f6148eb9ea00507ec113ec51c489d6ffb4b771/out/vs/platform/terminal/node/ptyHostMain.js:15:4661)
    at i.value (/home/ashiley/.vscode-server/bin/74f6148eb9ea00507ec113ec51c489d6ffb4b771/out/vs/platform/terminal/node/ptyHostMain.js:15:4066)
    at E.w (/home/ashiley/.vscode-server/bin/74f6148eb9ea00507ec113ec51c489d6ffb4b771/out/vs/platform/terminal/node/ptyHostMain.js:10:1902)
    at E.fire (/home/ashiley/.vscode-server/bin/74f6148eb9ea00507ec113ec51c489d6ffb4b771/out/vs/platform/terminal/node/ptyHostMain.js:10:2119)
    at process.G (/home/ashiley/.vscode-server/bin/74f6148eb9ea00507ec113ec51c489d6ffb4b771/out/vs/platform/terminal/node/ptyHostMain.js:8:27085)
    at process.emit (node:events:513:28)
    at emit (node:internal/child_process:939:14)
    at processTicksAndRejections (node:internal/process/task_queues:84:21)
[09:52:16] Error [CodeExpectedError]: Could not find pty on pty host
    at g.O (/home/ashiley/.vscode-server/bin/74f6148eb9ea00507ec113ec51c489d6ffb4b771/out/vs/platform/terminal/node/ptyHostMain.js:28:7243)
    at g.updateIcon (/home/ashiley/.vscode-server/bin/74f6148eb9ea00507ec113ec51c489d6ffb4b771/out/vs/platform/terminal/node/ptyHostMain.js:28:2735)
    at g.Q.<computed> (/home/ashiley/.vscode-server/bin/74f6148eb9ea00507ec113ec51c489d6ffb4b771/out/vs/platform/terminal/node/ptyHostMain.js:27:22460)
    at Object.call (/home/ashiley/.vscode-server/bin/74f6148eb9ea00507ec113ec51c489d6ffb4b771/out/vs/platform/terminal/node/ptyHostMain.js:17:4866)
    at u.s (/home/ashiley/.vscode-server/bin/74f6148eb9ea00507ec113ec51c489d6ffb4b771/out/vs/platform/terminal/node/ptyHostMain.js:15:5150)
    at u.q (/home/ashiley/.vscode-server/bin/74f6148eb9ea00507ec113ec51c489d6ffb4b771/out/vs/platform/terminal/node/ptyHostMain.js:15:4661)
    at i.value (/home/ashiley/.vscode-server/bin/74f6148eb9ea00507ec113ec51c489d6ffb4b771/out/vs/platform/terminal/node/ptyHostMain.js:15:4066)
    at E.w (/home/ashiley/.vscode-server/bin/74f6148eb9ea00507ec113ec51c489d6ffb4b771/out/vs/platform/terminal/node/ptyHostMain.js:10:1902)
    at E.fire (/home/ashiley/.vscode-server/bin/74f6148eb9ea00507ec113ec51c489d6ffb4b771/out/vs/platform/terminal/node/ptyHostMain.js:10:2119)
    at process.G (/home/ashiley/.vscode-server/bin/74f6148eb9ea00507ec113ec51c489d6ffb4b771/out/vs/platform/terminal/node/ptyHostMain.js:8:27085)
    at process.emit (node:events:513:28)
    at emit (node:internal/child_process:939:14)
    at processTicksAndRejections (node:internal/process/task_queues:84:21)
Got delay-shutdown request while in shutdown timeout, delaying
[09:52:58] Got delay-shutdown request while in shutdown timeout, delaying
Cancelling previous shutdown timeout
[09:52:58] Cancelling previous shutdown timeout
[09:52:58] [127.0.0.1][7b78cbfe][ManagementConnection] New connection established.
[09:52:58] [127.0.0.1][2c841a05][ExtensionHostConnection] New connection established.
[09:52:58] [127.0.0.1][2c841a05][ExtensionHostConnection] <3988153> Launched Extension Host Process.
[IPC Library: Pty Host]  WARN Shell integration cannot be enabled for executable "/bin/sh" and args [
  '-c',
  'wget --version > /dev/null\n' +
    'if [ $? -eq 0 ]\n' +
    'then\n' +
    "\twget --connect-timeout=7 --tries=1 --dns-timeout=7 -q --header='Metadata:true' -O - http://169.254.169.254/metadata/instance?api-version=2019-03-11\n" +
    'else\n' +
    '\tcurl --version > /dev/null\n' +
    '\tif [ $? -eq 0 ]\n' +
    '\tthen\n' +
    "\t\tcurl --connect-timeout 7 -s --header='Metadata:true' http://169.254.169.254/metadata/instance?api-version=2019-03-11\n" +
    '\tfi\n' +
    'fi\n' +
    'exit 0'
]
[IPC Library: Pty Host]  WARN Shell integration cannot be enabled for executable "/bin/sh" and args [
  '-c',
  'wget --version > /dev/null\n' +
    'if [ $? -eq 0 ]\n' +
    'then\n' +
    '\twget --connect-timeout=7 --tries=1 --dns-timeout=7 -q  -O - http://169.254.169.254/latest/meta-data/instance-id\n' +
    'else\n' +
    '\tcurl --version > /dev/null\n' +
    '\tif [ $? -eq 0 ]\n' +
    '\tthen\n' +
    '\t\tcurl --connect-timeout 7 -s  http://169.254.169.254/latest/meta-data/instance-id\n' +
    '\tfi\n' +
    'fi\n' +
    'exit 0'
]
[IPC Library: Pty Host]  WARN Shell integration cannot be enabled for executable "/bin/sh" and args [
  '-c',
  'wget --version > /dev/null\n' +
    'if [ $? -eq 0 ]\n' +
    'then\n' +
    '\twget --connect-timeout=7 --tries=1 --dns-timeout=7 -q  -O - http://169.254.169.254/metadata/v1/id\n' +
    'else\n' +
    '\tcurl --version > /dev/null\n' +
    '\tif [ $? -eq 0 ]\n' +
    '\tthen\n' +
    '\t\tcurl --connect-timeout 7 -s  http://169.254.169.254/metadata/v1/id\n' +
    '\tfi\n' +
    'fi\n' +
    'exit 0'
]
[IPC Library: Pty Host]  WARN Shell integration cannot be enabled for executable "/bin/sh" and args [
  '-c',
  'wget --version > /dev/null\n' +
    'if [ $? -eq 0 ]\n' +
    'then\n' +
    "\twget --connect-timeout=7 --tries=1 --dns-timeout=7 -q --header='Metadata-Flavor:Google' -O - http://metadata.google.internal/computeMetadata/v1/instance/id\n" +
    'else\n' +
    '\tcurl --version > /dev/null\n' +
    '\tif [ $? -eq 0 ]\n' +
    '\tthen\n' +
    "\t\tcurl --connect-timeout 7 -s --header='Metadata-Flavor:Google' http://metadata.google.internal/computeMetadata/v1/instance/id\n" +
    '\tfi\n' +
    'fi\n' +
    'exit 0'
]
New EH opened, aborting shutdown
[09:57:58] New EH opened, aborting shutdown
[09:57:58] [127.0.0.1][ae1c3f30][ExtensionHostConnection] <3988024> Extension Host Process exited with code: 0, signal: null.
[13:10:38] [127.0.0.1][2c841a05][ExtensionHostConnection] <3988153> Extension Host Process exited with code: 0, signal: null.
Last EH closed, waiting before shutting down
[13:10:38] Last EH closed, waiting before shutting down
Last EH closed, shutting down
[13:15:38] Last EH closed, shutting down
